<?xml version="1.0" encoding="UTF-8"?>
<!-- Generated by org.testng.reporters.JUnitReportReporter -->
<testsuite hostname="Dipshikhas-MacBook-Pro.local" failures="0" tests="1" name="test.MonthlySubscriptionTest" time="0.026" errors="0" timestamp="2021-07-20T14:37:54 IST" skipped="0">
  <testcase classname="test.MonthlySubscriptionTest" name="add" time="0.026"/>
  <system-out/>
</testsuite> <!-- test.MonthlySubscriptionTest -->
